<?xml version="1.0" encoding="UTF-8"?>
<!-- Generated by org.testng.reporters.JUnitReportReporter -->
<testsuite hostname="DESKTOP-E5F8SAC" failures="0" tests="1" name="testCases.LoginTestCases" time="25.136" errors="0" timestamp="2024-05-14T22:59:23 IST" skipped="0">
  <testcase classname="testCases.LoginTestCases" name="loginWithInvalidCredentials" time="25.136"/>
</testsuite> <!-- testCases.LoginTestCases -->
